Autotested Results for a2 submitted by Ansaf Ahmad (ahmadans)
Generated at 2016-04-01T02:39:24

Summary of Results: 32 out of 44 tests successfully passed
--

Tests for test_regex_match.TestRegexMatch (10/18 passed)
--

1) Correctly rejects near-stars?                                                      .. ok!
2) Correctly matches starred regexes?                                                 .. ok!
3) Correctly matches various matches of empty string?                                 .. ok!
4) Correctly matches leaf regexes?                                                    .. ok!
5) Correctly matches dot-bar regexes?                                                 .. ok!
6) Correctly matches dotted regexes?                                                  .. ok!
7) Correctly matches barred regexes?                                                  .. ok!
8) Correctly rejects near dot-bars?                                                   .. ok!
9) Correctly rejects near bar-stars?                                                  .. ok!
10) Correct rejects near-leaves?                                                       .. ok!
11) Correctly rejects near dot-stars?                                                  .. failed
.. because True is not false : Accepts invalid match: (StarTree(DotTree(Leaf('1'), Leaf('1'))), '111') (details below):

    Traceback (most recent call last):
    
      File "/usr/local/cms/python-3.4.2/lib/python3.4/unittest/case.py", line 58, in testPartExecutor
        yield
    
      File "/usr/local/cms/python-3.4.2/lib/python3.4/unittest/case.py", line 577, in run
        testMethod()
    
      File "/home/a08test/submissions/ahmadans/a2/test_regex_match.py", line 131, in test_dot_star_fail
        "Accepts invalid match: {}".format(t))
    
      File "/usr/local/cms/python-3.4.2/lib/python3.4/unittest/case.py", line 648, in assertFalse
        raise self.failureException(msg)
    
    AssertionError: True is not false : Accepts invalid match: (StarTree(DotTree(Leaf('1'), Leaf('1'))), '111')

12) Correctly rejects near bar-star-dots?                                              .. failed
.. because True is not false : Accepts invalid match: (BarTree(StarTree(Leaf('2')), DotTree(Leaf('1'), Leaf('0'))), '1') (details below):

    Traceback (most recent call last):
    
      File "/usr/local/cms/python-3.4.2/lib/python3.4/unittest/case.py", line 58, in testPartExecutor
        yield
    
      File "/usr/local/cms/python-3.4.2/lib/python3.4/unittest/case.py", line 577, in run
        testMethod()
    
      File "/home/a08test/submissions/ahmadans/a2/test_regex_match.py", line 167, in test_bar_star_dot_fail
        "Accepts invalid match: {}".format(t))
    
      File "/usr/local/cms/python-3.4.2/lib/python3.4/unittest/case.py", line 648, in assertFalse
        raise self.failureException(msg)
    
    AssertionError: True is not false : Accepts invalid match: (BarTree(StarTree(Leaf('2')), DotTree(Leaf('1'), Leaf('0'))), '1')

13) Correctly rejects near-dots?                                                       .. failed
.. because True is not false : Accepts invalid match: (DotTree(Leaf('1'), Leaf('0')), '1') (details below):

    Traceback (most recent call last):
    
      File "/usr/local/cms/python-3.4.2/lib/python3.4/unittest/case.py", line 58, in testPartExecutor
        yield
    
      File "/usr/local/cms/python-3.4.2/lib/python3.4/unittest/case.py", line 577, in run
        testMethod()
    
      File "/home/a08test/submissions/ahmadans/a2/test_regex_match.py", line 63, in test_dot_fail
        "Accepts invalid match: {}".format(t))
    
      File "/usr/local/cms/python-3.4.2/lib/python3.4/unittest/case.py", line 648, in assertFalse
        raise self.failureException(msg)
    
    AssertionError: True is not false : Accepts invalid match: (DotTree(Leaf('1'), Leaf('0')), '1')

14) Correct on difficult case for star (1|(1.2))*?                                     .. failed
.. because False is not true : Rejects valid match: (StarTree(BarTree(Leaf('1'), DotTree(Leaf('1'), Leaf('2')))), '11212') (details below):

    Traceback (most recent call last):
    
      File "/usr/local/cms/python-3.4.2/lib/python3.4/unittest/case.py", line 58, in testPartExecutor
        yield
    
      File "/usr/local/cms/python-3.4.2/lib/python3.4/unittest/case.py", line 577, in run
        testMethod()
    
      File "/home/a08test/submissions/ahmadans/a2/test_regex_match.py", line 178, in test_difficult_star
        "Rejects valid match: {}".format((r,s)))
    
      File "/usr/local/cms/python-3.4.2/lib/python3.4/unittest/case.py", line 654, in assertTrue
        raise self.failureException(msg)
    
    AssertionError: False is not true : Rejects valid match: (StarTree(BarTree(Leaf('1'), DotTree(Leaf('1'), Leaf('2')))), '11212')

15) Correctly matches bar-star-dot regexes?                                            .. failed
.. because False is not true : Rejects valid match: (StarTree(DotTree(BarTree(Leaf('0'), Leaf('2')), StarTree(Leaf('1')))), '0121210121') (details below):

    Traceback (most recent call last):
    
      File "/usr/local/cms/python-3.4.2/lib/python3.4/unittest/case.py", line 58, in testPartExecutor
        yield
    
      File "/usr/local/cms/python-3.4.2/lib/python3.4/unittest/case.py", line 577, in run
        testMethod()
    
      File "/home/a08test/submissions/ahmadans/a2/test_regex_match.py", line 157, in test_bar_star_dot_ok
        "Rejects valid match: {}".format(t))
    
      File "/usr/local/cms/python-3.4.2/lib/python3.4/unittest/case.py", line 654, in assertTrue
        raise self.failureException(msg)
    
    AssertionError: False is not true : Rejects valid match: (StarTree(DotTree(BarTree(Leaf('0'), Leaf('2')), StarTree(Leaf('1')))), '0121210121')

16) Correctly matches dot-star regexes?                                                .. failed
.. because False is not true : Rejects valid match: (StarTree(DotTree(Leaf('1'), StarTree(Leaf('0')))), '100110') (details below):

    Traceback (most recent call last):
    
      File "/usr/local/cms/python-3.4.2/lib/python3.4/unittest/case.py", line 58, in testPartExecutor
        yield
    
      File "/usr/local/cms/python-3.4.2/lib/python3.4/unittest/case.py", line 577, in run
        testMethod()
    
      File "/home/a08test/submissions/ahmadans/a2/test_regex_match.py", line 123, in test_dot_star_ok
        "Rejects valid match: {}".format(t))
    
      File "/usr/local/cms/python-3.4.2/lib/python3.4/unittest/case.py", line 654, in assertTrue
        raise self.failureException(msg)
    
    AssertionError: False is not true : Rejects valid match: (StarTree(DotTree(Leaf('1'), StarTree(Leaf('0')))), '100110')

17) Correctly matches bar-star regexes?                                                .. failed
.. because False is not true : Rejects valid match: (StarTree(BarTree(Leaf('2'), Leaf('1'))), '11212212212') (details below):

    Traceback (most recent call last):
    
      File "/usr/local/cms/python-3.4.2/lib/python3.4/unittest/case.py", line 58, in testPartExecutor
        yield
    
      File "/usr/local/cms/python-3.4.2/lib/python3.4/unittest/case.py", line 577, in run
        testMethod()
    
      File "/home/a08test/submissions/ahmadans/a2/test_regex_match.py", line 139, in test_bar_star_ok
        "Rejects valid match: {}".format(t))
    
      File "/usr/local/cms/python-3.4.2/lib/python3.4/unittest/case.py", line 654, in assertTrue
        raise self.failureException(msg)
    
    AssertionError: False is not true : Rejects valid match: (StarTree(BarTree(Leaf('2'), Leaf('1'))), '11212212212')

18) Correctly rejects near-bars?                                                       .. failed
.. because True is not false : Accepts invalid match: (BarTree(Leaf('1'), Leaf('2')), '') (details below):

    Traceback (most recent call last):
    
      File "/usr/local/cms/python-3.4.2/lib/python3.4/unittest/case.py", line 58, in testPartExecutor
        yield
    
      File "/usr/local/cms/python-3.4.2/lib/python3.4/unittest/case.py", line 577, in run
        testMethod()
    
      File "/home/a08test/submissions/ahmadans/a2/test_regex_match.py", line 78, in test_bar_fail
        "Accepts invalid match: {}".format(t))
    
      File "/usr/local/cms/python-3.4.2/lib/python3.4/unittest/case.py", line 648, in assertFalse
        raise self.failureException(msg)
    
    AssertionError: True is not false : Accepts invalid match: (BarTree(Leaf('1'), Leaf('2')), '')



Tests for test_build_regex_tree.TestBuildRegexTree (5/5 passed)
--

1) Correctly builds leaves?                                                           .. ok!
2) Correctly builds star trees?                                                       .. ok!
3) Correctly builds dot trees?                                                        .. ok!
4) Correctly builds bar trees?                                                        .. ok!
5) Correctly builds bar-dot trees?                                                    .. ok!


Tests for test_is_regex.TestIsRegex (13/16 passed)
--

1) Star regexes accepted?                                                             .. ok!
2) Dot-star-like non-regexes rejected?                                                .. ok!
3) Leaf regular expressions accepted?                                                 .. ok!
4) Bar-dot-line non-regexes rejected?                                                 .. ok!
5) Bar-like non-regexes rejected?                                                     .. ok!
6) Bar-star-dot regexes accepted?                                                     .. ok!
7) Dot regexes accepted?                                                              .. ok!
8) Dot-like non-regexes rejected?                                                     .. ok!
9) Bar regexes accepted?                                                              .. ok!
10) Bar-dot regexes accepted?                                                          .. ok!
11) Bar-star regexes accepted?                                                         .. ok!
12) Dot-star regexes accepted?                                                         .. ok!
13) Bar-star-like non-regexes rejected?                                                .. ok!
14) Leaf non-regexes rejected?                                                         .. failed
.. because True is not false : Accepts invalid regex: (1) (details below):

    Traceback (most recent call last):
    
      File "/usr/local/cms/python-3.4.2/lib/python3.4/unittest/case.py", line 58, in testPartExecutor
        yield
    
      File "/usr/local/cms/python-3.4.2/lib/python3.4/unittest/case.py", line 577, in run
        testMethod()
    
      File "/home/a08test/submissions/ahmadans/a2/test_is_regex.py", line 31, in test_leaf_fail
        "Accepts invalid regex: {}".format(r))
    
      File "/usr/local/cms/python-3.4.2/lib/python3.4/unittest/case.py", line 648, in assertFalse
        raise self.failureException(msg)
    
    AssertionError: True is not false : Accepts invalid regex: (1)

15) Bar-star-dot non-regexes rejected?                                                 .. failed
.. because True is not false : Accepts invalid regex: ((0*|(1.2))) (details below):

    Traceback (most recent call last):
    
      File "/usr/local/cms/python-3.4.2/lib/python3.4/unittest/case.py", line 58, in testPartExecutor
        yield
    
      File "/usr/local/cms/python-3.4.2/lib/python3.4/unittest/case.py", line 577, in run
        testMethod()
    
      File "/home/a08test/submissions/ahmadans/a2/test_is_regex.py", line 137, in test_bar_star_dot_fail
        "Accepts invalid regex: {}".format(r))
    
      File "/usr/local/cms/python-3.4.2/lib/python3.4/unittest/case.py", line 648, in assertFalse
        raise self.failureException(msg)
    
    AssertionError: True is not false : Accepts invalid regex: ((0*|(1.2)))

16) Star-like non-regexes rejected?                                                    .. failed
.. because True is not false : Accepts invalid regex: (2*) (details below):

    Traceback (most recent call last):
    
      File "/usr/local/cms/python-3.4.2/lib/python3.4/unittest/case.py", line 58, in testPartExecutor
        yield
    
      File "/usr/local/cms/python-3.4.2/lib/python3.4/unittest/case.py", line 577, in run
        testMethod()
    
      File "/home/a08test/submissions/ahmadans/a2/test_is_regex.py", line 73, in test_star_fail
        "Accepts invalid regex: {}".format(r))
    
      File "/usr/local/cms/python-3.4.2/lib/python3.4/unittest/case.py", line 648, in assertFalse
        raise self.failureException(msg)
    
    AssertionError: True is not false : Accepts invalid regex: (2*)



Tests for test_all_regex_perms.TestAllRegexPermutations (4/4 passed)
--

1) Correctly produces unique permutation of leaf?                                     .. ok!
2) Correctly produces permutations of binary regexes?                                 .. ok!
3) test_all_regex_perms.TestAllRegexPermutations.test_empty_results                   .. ok!
4) Correctly produces permutations of long regex?                                     .. ok!


Tests for test_pep8.TestPEP8 (0/1 passed)
--

1) test_pep8.TestPEP8.test_pep8                                                       .. failed
.. because 5 != 0 : Found code style errors (and warnings):
E501: line too long (82 > 80 characters) (5) (details below):

    Traceback (most recent call last):
    
      File "/usr/local/cms/python-3.4.2/lib/python3.4/unittest/case.py", line 58, in testPartExecutor
        yield
    
      File "/usr/local/cms/python-3.4.2/lib/python3.4/unittest/case.py", line 577, in run
        testMethod()
    
      File "/home/a08test/submissions/ahmadans/a2/test_pep8.py", line 19, in test_pep8
        self.assertEqual(result.total_errors, 0, report_output)
    
      File "/usr/local/cms/python-3.4.2/lib/python3.4/unittest/case.py", line 797, in assertEqual
        assertion_func(first, second, msg=msg)
    
      File "/usr/local/cms/python-3.4.2/lib/python3.4/unittest/case.py", line 790, in _baseAssertEqual
        raise self.failureException(msg)
    
    AssertionError: 5 != 0 : Found code style errors (and warnings):
    E501: line too long (82 > 80 characters) (5)



